{"numTotalTestSuites":34,"numPassedTestSuites":34,"numFailedTestSuites":0,"numPendingTestSuites":0,"numTotalTests":159,"numPassedTests":159,"numFailedTests":0,"numPendingTests":0,"numTodoTests":0,"snapshot":{"added":0,"failure":false,"filesAdded":0,"filesRemoved":0,"filesRemovedList":[],"filesUnmatched":0,"filesUpdated":0,"matched":0,"total":0,"unchecked":0,"uncheckedKeysByFile":[],"unmatched":0,"updated":0,"didUpdate":false},"startTime":1770355439984,"success":true,"testResults":[{"assertionResults":[{"ancestorTitles":["FinetuneDetail.vue","渲染测试"],"fullName":"FinetuneDetail.vue 渲染测试 应该正确渲染RepoHeader","status":"passed","title":"应该正确渲染RepoHeader","duration":909.6841080000013,"failureMessages":[],"meta":{}},{"ancestorTitles":["FinetuneDetail.vue","渲染测试"],"fullName":"FinetuneDetail.vue 渲染测试 应该渲染Tab导航","status":"passed","title":"应该渲染Tab导航","duration":87.88770300000033,"failureMessages":[],"meta":{}},{"ancestorTitles":["FinetuneDetail.vue","渲染测试"],"fullName":"FinetuneDetail.vue 渲染测试 应该在有endpoint时显示Notebook按钮","status":"passed","title":"应该在有endpoint时显示Notebook按钮","duration":200.6778979999981,"failureMessages":[],"meta":{}},{"ancestorTitles":["FinetuneDetail.vue","渲染测试"],"fullName":"FinetuneDetail.vue 渲染测试 应该在无endpoint时显示提示信息","status":"passed","title":"应该在无endpoint时显示提示信息","duration":144.9416799999999,"failureMessages":[],"meta":{}},{"ancestorTitles":["FinetuneDetail.vue","渲染测试"],"fullName":"FinetuneDetail.vue 渲染测试 应该在加载时显示LoadingSpinner","status":"passed","title":"应该在加载时显示LoadingSpinner","duration":96.79163900000276,"failureMessages":[],"meta":{}},{"ancestorTitles":["FinetuneDetail.vue","Tab切换测试"],"fullName":"FinetuneDetail.vue Tab切换测试 默认应显示page标签","status":"passed","title":"默认应显示page标签","duration":93.87717300000077,"failureMessages":[],"meta":{}},{"ancestorTitles":["FinetuneDetail.vue","Tab切换测试"],"fullName":"FinetuneDetail.vue Tab切换测试 点击tab应切换内容","status":"passed","title":"点击tab应切换内容","duration":224.22253000000273,"failureMessages":[],"meta":{}},{"ancestorTitles":["FinetuneDetail.vue","Tab切换测试"],"fullName":"FinetuneDetail.vue Tab切换测试 tab切换应更新URL query参数","status":"passed","title":"tab切换应更新URL query参数","duration":292.9989249999999,"failureMessages":[],"meta":{}},{"ancestorTitles":["FinetuneDetail.vue","Tab切换测试"],"fullName":"FinetuneDetail.vue Tab切换测试 URL参数变化应切换tab","status":"passed","title":"URL参数变化应切换tab","duration":231.68094900000142,"failureMessages":[],"meta":{}},{"ancestorTitles":["FinetuneDetail.vue","Tab切换测试"],"fullName":"FinetuneDetail.vue Tab切换测试 无效tab应重定向到默认tab","status":"passed","title":"无效tab应重定向到默认tab","duration":146.06624600000214,"failureMessages":[],"meta":{}},{"ancestorTitles":["FinetuneDetail.vue","Tab切换测试"],"fullName":"FinetuneDetail.vue Tab切换测试 tab切换应调用fetchRepoDetail","status":"passed","title":"tab切换应调用fetchRepoDetail","duration":302.84072300000116,"failureMessages":[],"meta":{}},{"ancestorTitles":["FinetuneDetail.vue","iframe测试"],"fullName":"FinetuneDetail.vue iframe测试 应该正确设置iframe src（包含jwt）","status":"passed","title":"应该正确设置iframe src（包含jwt）","duration":68.865426999997,"failureMessages":[],"meta":{}},{"ancestorTitles":["FinetuneDetail.vue","iframe测试"],"fullName":"FinetuneDetail.vue iframe测试 应该根据窗口大小计算iframe高度","status":"passed","title":"应该根据窗口大小计算iframe高度","duration":347.866997000001,"failureMessages":[],"meta":{}},{"ancestorTitles":["FinetuneDetail.vue","iframe测试"],"fullName":"FinetuneDetail.vue iframe测试 窗口resize应更新iframe高度","status":"passed","title":"窗口resize应更新iframe高度","duration":143.687460000001,"failureMessages":[],"meta":{}},{"ancestorTitles":["FinetuneDetail.vue","SSE测试"],"fullName":"FinetuneDetail.vue SSE测试 应该建立SSE连接同步状态","status":"passed","title":"应该建立SSE连接同步状态","duration":190.4752179999996,"failureMessages":[],"meta":{}},{"ancestorTitles":["FinetuneDetail.vue","SSE测试"],"fullName":"FinetuneDetail.vue SSE测试 收到状态变化应更新store","status":"passed","title":"收到状态变化应更新store","duration":181.97154199999932,"failureMessages":[],"meta":{}},{"ancestorTitles":["FinetuneDetail.vue","SSE测试"],"fullName":"FinetuneDetail.vue SSE测试 401错误应刷新JWT","status":"passed","title":"401错误应刷新JWT","duration":161.73290400000042,"failureMessages":[],"meta":{}},{"ancestorTitles":["FinetuneDetail.vue","SSE测试"],"fullName":"FinetuneDetail.vue SSE测试 组件卸载应清理事件监听","status":"passed","title":"组件卸载应清理事件监听","duration":193.7046859999973,"failureMessages":[],"meta":{}},{"ancestorTitles":["FinetuneDetail.vue","数据加载测试"],"fullName":"FinetuneDetail.vue 数据加载测试 应该在挂载时加载详情数据","status":"passed","title":"应该在挂载时加载详情数据","duration":244.46150099999795,"failureMessages":[],"meta":{}},{"ancestorTitles":["FinetuneDetail.vue","数据加载测试"],"fullName":"FinetuneDetail.vue 数据加载测试 404响应应跳转到NotFound页面","status":"passed","title":"404响应应跳转到NotFound页面","duration":158.8341950000031,"failureMessages":[],"meta":{}},{"ancestorTitles":["FinetuneDetail.vue","数据加载测试"],"fullName":"FinetuneDetail.vue 数据加载测试 加载失败应正确处理错误","status":"passed","title":"加载失败应正确处理错误","duration":259.7368800000004,"failureMessages":[],"meta":{}},{"ancestorTitles":["FinetuneDetail.vue","数据加载测试"],"fullName":"FinetuneDetail.vue 数据加载测试 clusterId变化应重新加载资源","status":"passed","title":"clusterId变化应重新加载资源","duration":117.00851300000068,"failureMessages":[],"meta":{}},{"ancestorTitles":["FinetuneDetail.vue","Computed属性测试"],"fullName":"FinetuneDetail.vue Computed属性测试 validTabs应该返回有效的tab列表","status":"passed","title":"validTabs应该返回有效的tab列表","duration":97.79263399999763,"failureMessages":[],"meta":{}},{"ancestorTitles":["FinetuneDetail.vue","Computed属性测试"],"fullName":"FinetuneDetail.vue Computed属性测试 getDefaultTab应该返回默认tab","status":"passed","title":"getDefaultTab应该返回默认tab","duration":128.3313530000014,"failureMessages":[],"meta":{}},{"ancestorTitles":["FinetuneDetail.vue","Computed属性测试"],"fullName":"FinetuneDetail.vue Computed属性测试 isValidTab应该正确验证tab","status":"passed","title":"isValidTab应该正确验证tab","duration":132.79234899999938,"failureMessages":[],"meta":{}},{"ancestorTitles":["FinetuneDetail.vue","Computed属性测试"],"fullName":"FinetuneDetail.vue Computed属性测试 isSameRepo应该正确判断是否同一仓库","status":"passed","title":"isSameRepo应该正确判断是否同一仓库","duration":57.093401999998605,"failureMessages":[],"meta":{}},{"ancestorTitles":["FinetuneDetail.vue","方法测试"],"fullName":"FinetuneDetail.vue 方法测试 toNotebookPage应该打开新窗口","status":"passed","title":"toNotebookPage应该打开新窗口","duration":108.28183199999694,"failureMessages":[],"meta":{}},{"ancestorTitles":["FinetuneDetail.vue","方法测试"],"fullName":"FinetuneDetail.vue 方法测试 fetchResources应该加载资源列表","status":"passed","title":"fetchResources应该加载资源列表","duration":92.38973500000066,"failureMessages":[],"meta":{}},{"ancestorTitles":["FinetuneDetail.vue","方法测试"],"fullName":"FinetuneDetail.vue 方法测试 fetchResources错误应显示消息","status":"passed","title":"fetchResources错误应显示消息","duration":214.3803650000009,"failureMessages":[],"meta":{}},{"ancestorTitles":["FinetuneDetail.vue","生命周期测试"],"fullName":"FinetuneDetail.vue 生命周期测试 onBeforeMount应该初始化tab","status":"passed","title":"onBeforeMount应该初始化tab","duration":129.816268999999,"failureMessages":[],"meta":{}},{"ancestorTitles":["FinetuneDetail.vue","生命周期测试"],"fullName":"FinetuneDetail.vue 生命周期测试 onMounted应该添加resize监听器","status":"passed","title":"onMounted应该添加resize监听器","duration":221.9890830000004,"failureMessages":[],"meta":{}},{"ancestorTitles":["FinetuneDetail.vue","生命周期测试"],"fullName":"FinetuneDetail.vue 生命周期测试 onUnmounted应该移除resize监听器","status":"passed","title":"onUnmounted应该移除resize监听器","duration":125.07148099999904,"failureMessages":[],"meta":{}},{"ancestorTitles":["FinetuneDetail.vue","边界条件测试"],"fullName":"FinetuneDetail.vue 边界条件测试 isDataLoading为true时不应重复加载","status":"passed","title":"isDataLoading为true时不应重复加载","duration":122.71341599999869,"failureMessages":[],"meta":{}},{"ancestorTitles":["FinetuneDetail.vue","边界条件测试"],"fullName":"FinetuneDetail.vue 边界条件测试 没有数据时应正确处理","status":"passed","title":"没有数据时应正确处理","duration":77.61008800000127,"failureMessages":[],"meta":{}},{"ancestorTitles":["FinetuneDetail.vue","边界条件测试"],"fullName":"FinetuneDetail.vue 边界条件测试 SSE未连接且状态有效时应建立连接","status":"passed","title":"SSE未连接且状态有效时应建立连接","duration":174.65923300000213,"failureMessages":[],"meta":{}},{"ancestorTitles":["FinetuneDetail.vue","边界条件测试"],"fullName":"FinetuneDetail.vue 边界条件测试 Building状态应显示InstanceInBuilding组件","status":"passed","title":"Building状态应显示InstanceInBuilding组件","duration":76.91084599999886,"failureMessages":[],"meta":{}},{"ancestorTitles":["FinetuneDetail.vue","集成测试"],"fullName":"FinetuneDetail.vue 集成测试 完整的tab切换流程","status":"passed","title":"完整的tab切换流程","duration":491.1826910000018,"failureMessages":[],"meta":{}},{"ancestorTitles":["FinetuneDetail.vue","集成测试"],"fullName":"FinetuneDetail.vue 集成测试 数据加载和SSE连接的完整流程","status":"passed","title":"数据加载和SSE连接的完整流程","duration":123.23061200000302,"failureMessages":[],"meta":{}}],"startTime":1770355458991,"endTime":1770355466174.2307,"status":"passed","message":"","name":"/Users/jasonjiang/Downloads/AutoTest/csghub/frontend/src/components/finetune/__tests__/FinetuneDetail.spec.js"},{"assertionResults":[{"ancestorTitles":["FinetuneSettings.vue","渲染测试"],"fullName":"FinetuneSettings.vue 渲染测试 应该正确渲染所有设置项","status":"passed","title":"应该正确渲染所有设置项","duration":2026.2678020000003,"failureMessages":[],"meta":{}},{"ancestorTitles":["FinetuneSettings.vue","渲染测试"],"fullName":"FinetuneSettings.vue 渲染测试 应该显示微调名称（禁用状态）","status":"passed","title":"应该显示微调名称（禁用状态）","duration":1052.6751849999982,"failureMessages":[],"meta":{}},{"ancestorTitles":["FinetuneSettings.vue","渲染测试"],"fullName":"FinetuneSettings.vue 渲染测试 应该显示集群和资源选择器","status":"passed","title":"应该显示集群和资源选择器","duration":1030.145376999997,"failureMessages":[],"meta":{}},{"ancestorTitles":["FinetuneSettings.vue","渲染测试"],"fullName":"FinetuneSettings.vue 渲染测试 应该显示删除确认输入框","status":"passed","title":"应该显示删除确认输入框","duration":1178.1139969999967,"failureMessages":[],"meta":{}},{"ancestorTitles":["FinetuneSettings.vue","状态控制测试"],"fullName":"FinetuneSettings.vue 状态控制测试 初始化状态下停止按钮应可用","status":"passed","title":"初始化状态下停止按钮应可用","duration":849.0364069999996,"failureMessages":[],"meta":{}},{"ancestorTitles":["FinetuneSettings.vue","状态控制测试"],"fullName":"FinetuneSettings.vue 状态控制测试 已停止状态下停止按钮应禁用","status":"passed","title":"已停止状态下停止按钮应禁用","duration":923.6329030000015,"failureMessages":[],"meta":{}},{"ancestorTitles":["FinetuneSettings.vue","状态控制测试"],"fullName":"FinetuneSettings.vue 状态控制测试 未初始化状态下重启按钮应禁用","status":"passed","title":"未初始化状态下重启按钮应禁用","duration":1380.2307970000002,"failureMessages":[],"meta":{}},{"ancestorTitles":["FinetuneSettings.vue","状态控制测试"],"fullName":"FinetuneSettings.vue 状态控制测试 运行中状态下重启按钮应禁用","status":"passed","title":"运行中状态下重启按钮应禁用","duration":1155.2818310000002,"failureMessages":[],"meta":{}},{"ancestorTitles":["FinetuneSettings.vue","状态控制测试"],"fullName":"FinetuneSettings.vue 状态控制测试 删除按钮应在输入匹配时启用","status":"passed","title":"删除按钮应在输入匹配时启用","duration":1074.1308949999984,"failureMessages":[],"meta":{}},{"ancestorTitles":["FinetuneSettings.vue","状态控制测试"],"fullName":"FinetuneSettings.vue 状态控制测试 删除按钮应在输入不匹配时禁用","status":"passed","title":"删除按钮应在输入不匹配时禁用","duration":1027.718997,"failureMessages":[],"meta":{}},{"ancestorTitles":["FinetuneSettings.vue","操作测试"],"fullName":"FinetuneSettings.vue 操作测试 点击停止按钮应调用stop API","status":"passed","title":"点击停止按钮应调用stop API","duration":1339.3296760000012,"failureMessages":[],"meta":{}},{"ancestorTitles":["FinetuneSettings.vue","操作测试"],"fullName":"FinetuneSettings.vue 操作测试 点击重启按钮应调用start API","status":"passed","title":"点击重启按钮应调用start API","duration":792.600351000001,"failureMessages":[],"meta":{}},{"ancestorTitles":["FinetuneSettings.vue","操作测试"],"fullName":"FinetuneSettings.vue 操作测试 输入正确名称后点击删除应调用delete API","status":"passed","title":"输入正确名称后点击删除应调用delete API","duration":1173.4110020000007,"failureMessages":[],"meta":{}},{"ancestorTitles":["FinetuneSettings.vue","操作测试"],"fullName":"FinetuneSettings.vue 操作测试 删除成功后应跳转到资源控制台","status":"passed","title":"删除成功后应跳转到资源控制台","duration":1158.9649510000017,"failureMessages":[],"meta":{}},{"ancestorTitles":["FinetuneSettings.vue","操作测试"],"fullName":"FinetuneSettings.vue 操作测试 操作成功应显示成功消息","status":"passed","title":"操作成功应显示成功消息","duration":386.39911799999754,"failureMessages":[],"meta":{}},{"ancestorTitles":["FinetuneSettings.vue","数据加载测试"],"fullName":"FinetuneSettings.vue 数据加载测试 应该加载集群列表","status":"passed","title":"应该加载集群列表","duration":540.4972799999996,"failureMessages":[],"meta":{}},{"ancestorTitles":["FinetuneSettings.vue","数据加载测试"],"fullName":"FinetuneSettings.vue 数据加载测试 应该根据clusterId加载资源","status":"passed","title":"应该根据clusterId加载资源","duration":458.50361200000043,"failureMessages":[],"meta":{}},{"ancestorTitles":["FinetuneSettings.vue","数据加载测试"],"fullName":"FinetuneSettings.vue 数据加载测试 应该加载框架列表并匹配当前框架","status":"passed","title":"应该加载框架列表并匹配当前框架","duration":790.1166639999974,"failureMessages":[],"meta":{}},{"ancestorTitles":["FinetuneSettings.vue","Computed属性测试"],"fullName":"FinetuneSettings.vue Computed属性测试 currentResource应该返回正确的资源ID","status":"passed","title":"currentResource应该返回正确的资源ID","duration":1477.0575489999974,"failureMessages":[],"meta":{}},{"ancestorTitles":["FinetuneSettings.vue","Computed属性测试"],"fullName":"FinetuneSettings.vue Computed属性测试 currentResourceDetail应该从cloudResources中找到匹配资源","status":"passed","title":"currentResourceDetail应该从cloudResources中找到匹配资源","duration":1328.181445000002,"failureMessages":[],"meta":{}},{"ancestorTitles":["FinetuneSettings.vue","Computed属性测试"],"fullName":"FinetuneSettings.vue Computed属性测试 currentCid应该返回正确的集群ID","status":"passed","title":"currentCid应该返回正确的集群ID","duration":837.3389480000042,"failureMessages":[],"meta":{}},{"ancestorTitles":["FinetuneSettings.vue","Computed属性测试"],"fullName":"FinetuneSettings.vue Computed属性测试 initialized应该正确判断初始化状态","status":"passed","title":"initialized应该正确判断初始化状态","duration":1018.1285290000014,"failureMessages":[],"meta":{}},{"ancestorTitles":["FinetuneSettings.vue","Computed属性测试"],"fullName":"FinetuneSettings.vue Computed属性测试 notInitialized应该正确判断未初始化状态","status":"passed","title":"notInitialized应该正确判断未初始化状态","duration":965.9928260000015,"failureMessages":[],"meta":{}},{"ancestorTitles":["FinetuneSettings.vue","Computed属性测试"],"fullName":"FinetuneSettings.vue Computed属性测试 isStopped应该正确判断停止状态","status":"passed","title":"isStopped应该正确判断停止状态","duration":1215.2544960000014,"failureMessages":[],"meta":{}},{"ancestorTitles":["FinetuneSettings.vue","Watch测试"],"fullName":"FinetuneSettings.vue Watch测试 clusterId变化应重新加载资源","status":"passed","title":"clusterId变化应重新加载资源","duration":642.4224010000034,"failureMessages":[],"meta":{}},{"ancestorTitles":["FinetuneSettings.vue","错误处理测试"],"fullName":"FinetuneSettings.vue 错误处理测试 API错误时应显示警告消息","status":"passed","title":"API错误时应显示警告消息","duration":583.9176890000017,"failureMessages":[],"meta":{}},{"ancestorTitles":["FinetuneSettings.vue","错误处理测试"],"fullName":"FinetuneSettings.vue 错误处理测试 删除失败时应显示错误消息","status":"passed","title":"删除失败时应显示错误消息","duration":574.7293280000013,"failureMessages":[],"meta":{}},{"ancestorTitles":["FinetuneSettings.vue","错误处理测试"],"fullName":"FinetuneSettings.vue 错误处理测试 集群加载失败时应显示错误","status":"passed","title":"集群加载失败时应显示错误","duration":484.6204299999954,"failureMessages":[],"meta":{}},{"ancestorTitles":["FinetuneSettings.vue","UI交互测试"],"fullName":"FinetuneSettings.vue UI交互测试 鼠标悬停删除按钮应改变样式","status":"passed","title":"鼠标悬停删除按钮应改变样式","duration":524.874714000005,"failureMessages":[],"meta":{}},{"ancestorTitles":["FinetuneSettings.vue","UI交互测试"],"fullName":"FinetuneSettings.vue UI交互测试 鼠标离开删除按钮应恢复样式","status":"passed","title":"鼠标离开删除按钮应恢复样式","duration":440.88479100000404,"failureMessages":[],"meta":{}},{"ancestorTitles":["FinetuneSettings.vue","UI交互测试"],"fullName":"FinetuneSettings.vue UI交互测试 输入错误的删除确认文本不应触发删除","status":"passed","title":"输入错误的删除确认文本不应触发删除","duration":459.3254640000014,"failureMessages":[],"meta":{}},{"ancestorTitles":["FinetuneSettings.vue","生命周期测试"],"fullName":"FinetuneSettings.vue 生命周期测试 组件挂载时应加载集群列表","status":"passed","title":"组件挂载时应加载集群列表","duration":1161.0260999999955,"failureMessages":[],"meta":{}},{"ancestorTitles":["FinetuneSettings.vue","生命周期测试"],"fullName":"FinetuneSettings.vue 生命周期测试 有clusterId时应加载资源","status":"passed","title":"有clusterId时应加载资源","duration":2398.513054999996,"failureMessages":[],"meta":{}},{"ancestorTitles":["FinetuneSettings.vue","模板渲染覆盖测试"],"fullName":"FinetuneSettings.vue 模板渲染覆盖测试 应该渲染英文名称输入框","status":"passed","title":"应该渲染英文名称输入框","duration":1581.2593409999972,"failureMessages":[],"meta":{}},{"ancestorTitles":["FinetuneSettings.vue","模板渲染覆盖测试"],"fullName":"FinetuneSettings.vue 模板渲染覆盖测试 应该渲染别名输入框","status":"passed","title":"应该渲染别名输入框","duration":762.3747809999986,"failureMessages":[],"meta":{}},{"ancestorTitles":["FinetuneSettings.vue","模板渲染覆盖测试"],"fullName":"FinetuneSettings.vue 模板渲染覆盖测试 应该渲染停止按钮","status":"passed","title":"应该渲染停止按钮","duration":475.02263399999356,"failureMessages":[],"meta":{}},{"ancestorTitles":["FinetuneSettings.vue","模板渲染覆盖测试"],"fullName":"FinetuneSettings.vue 模板渲染覆盖测试 应该渲染重启按钮","status":"passed","title":"应该渲染重启按钮","duration":465.31723700000293,"failureMessages":[],"meta":{}},{"ancestorTitles":["FinetuneSettings.vue","模板渲染覆盖测试"],"fullName":"FinetuneSettings.vue 模板渲染覆盖测试 应该渲染集群选择器","status":"passed","title":"应该渲染集群选择器","duration":506.67600500000117,"failureMessages":[],"meta":{}},{"ancestorTitles":["FinetuneSettings.vue","模板渲染覆盖测试"],"fullName":"FinetuneSettings.vue 模板渲染覆盖测试 应该渲染资源选择器","status":"passed","title":"应该渲染资源选择器","duration":428.2844419999965,"failureMessages":[],"meta":{}},{"ancestorTitles":["FinetuneSettings.vue","模板渲染覆盖测试"],"fullName":"FinetuneSettings.vue 模板渲染覆盖测试 应该渲染框架选择器","status":"passed","title":"应该渲染框架选择器","duration":614.271424999999,"failureMessages":[],"meta":{}},{"ancestorTitles":["FinetuneSettings.vue","模板渲染覆盖测试"],"fullName":"FinetuneSettings.vue 模板渲染覆盖测试 应该渲染删除输入框","status":"passed","title":"应该渲染删除输入框","duration":500.19112999999925,"failureMessages":[],"meta":{}},{"ancestorTitles":["FinetuneSettings.vue","模板渲染覆盖测试"],"fullName":"FinetuneSettings.vue 模板渲染覆盖测试 应该渲染删除按钮","status":"passed","title":"应该渲染删除按钮","duration":438.2019130000044,"failureMessages":[],"meta":{}},{"ancestorTitles":["FinetuneSettings.vue","模板渲染覆盖测试"],"fullName":"FinetuneSettings.vue 模板渲染覆盖测试 应该正确显示当前资源","status":"passed","title":"应该正确显示当前资源","duration":546.0018120000022,"failureMessages":[],"meta":{}},{"ancestorTitles":["FinetuneSettings.vue","模板渲染覆盖测试"],"fullName":"FinetuneSettings.vue 模板渲染覆盖测试 应该正确显示当前集群","status":"passed","title":"应该正确显示当前集群","duration":600.3778380000003,"failureMessages":[],"meta":{}},{"ancestorTitles":["FinetuneSettings.vue","模板渲染覆盖测试"],"fullName":"FinetuneSettings.vue 模板渲染覆盖测试 应该正确显示当前框架","status":"passed","title":"应该正确显示当前框架","duration":458.44600199999695,"failureMessages":[],"meta":{}},{"ancestorTitles":["FinetuneSettings.vue","模板渲染覆盖测试"],"fullName":"FinetuneSettings.vue 模板渲染覆盖测试 应该处理空的集群列表","status":"passed","title":"应该处理空的集群列表","duration":522.4089699999968,"failureMessages":[],"meta":{}},{"ancestorTitles":["FinetuneSettings.vue","模板渲染覆盖测试"],"fullName":"FinetuneSettings.vue 模板渲染覆盖测试 应该处理空的资源列表","status":"passed","title":"应该处理空的资源列表","duration":659.3371869999974,"failureMessages":[],"meta":{}},{"ancestorTitles":["FinetuneSettings.vue","模板渲染覆盖测试"],"fullName":"FinetuneSettings.vue 模板渲染覆盖测试 应该处理空的框架列表","status":"passed","title":"应该处理空的框架列表","duration":1026.6256489999942,"failureMessages":[],"meta":{}},{"ancestorTitles":["FinetuneSettings.vue","模板渲染覆盖测试"],"fullName":"FinetuneSettings.vue 模板渲染覆盖测试 应该正确处理删除描述输入","status":"passed","title":"应该正确处理删除描述输入","duration":1382.6414399999994,"failureMessages":[],"meta":{}},{"ancestorTitles":["FinetuneSettings.vue","模板渲染覆盖测试"],"fullName":"FinetuneSettings.vue 模板渲染覆盖测试 应该正确处理中文名称输入","status":"passed","title":"应该正确处理中文名称输入","duration":682.4068950000001,"failureMessages":[],"meta":{}},{"ancestorTitles":["FinetuneSettings.vue","模板渲染覆盖测试"],"fullName":"FinetuneSettings.vue 模板渲染覆盖测试 应该正确显示不同状态下的按钮状态","status":"passed","title":"应该正确显示不同状态下的按钮状态","duration":608.4581999999937,"failureMessages":[],"meta":{}},{"ancestorTitles":["FinetuneSettings.vue","模板渲染覆盖测试"],"fullName":"FinetuneSettings.vue 模板渲染覆盖测试 应该正确处理资源详情","status":"passed","title":"应该正确处理资源详情","duration":667.1811030000026,"failureMessages":[],"meta":{}},{"ancestorTitles":["FinetuneSettings.vue","模板渲染覆盖测试"],"fullName":"FinetuneSettings.vue 模板渲染覆盖测试 应该正确处理框架匹配","status":"passed","title":"应该正确处理框架匹配","duration":533.7425530000037,"failureMessages":[],"meta":{}},{"ancestorTitles":["FinetuneSettings.vue","覆盖率提升测试"],"fullName":"FinetuneSettings.vue 覆盖率提升测试 currentResourceDetail应该在找不到资源时返回null","status":"passed","title":"currentResourceDetail应该在找不到资源时返回null","duration":774.917002999995,"failureMessages":[],"meta":{}},{"ancestorTitles":["FinetuneSettings.vue","覆盖率提升测试"],"fullName":"FinetuneSettings.vue 覆盖率提升测试 currentResourceDetail应该正确找到匹配的资源","status":"passed","title":"currentResourceDetail应该正确找到匹配的资源","duration":930.0071840000019,"failureMessages":[],"meta":{}},{"ancestorTitles":["FinetuneSettings.vue","覆盖率提升测试"],"fullName":"FinetuneSettings.vue 覆盖率提升测试 fetchFrameworks应该在API错误时清空框架列表","status":"passed","title":"fetchFrameworks应该在API错误时清空框架列表","duration":2104.801929999994,"failureMessages":[],"meta":{}},{"ancestorTitles":["FinetuneSettings.vue","覆盖率提升测试"],"fullName":"FinetuneSettings.vue 覆盖率提升测试 watch clusterId应该在clusterId为空时不加载资源","status":"passed","title":"watch clusterId应该在clusterId为空时不加载资源","duration":864.7637079999986,"failureMessages":[],"meta":{}},{"ancestorTitles":["FinetuneSettings.vue","覆盖率提升测试"],"fullName":"FinetuneSettings.vue 覆盖率提升测试 watch clusterId应该在clusterId相同时不重新加载","status":"passed","title":"watch clusterId应该在clusterId相同时不重新加载","duration":624.6289059999981,"failureMessages":[],"meta":{}},{"ancestorTitles":["FinetuneSettings.vue","覆盖率提升测试"],"fullName":"FinetuneSettings.vue 覆盖率提升测试 fetchResources应该在currentCid为空时直接返回","status":"passed","title":"fetchResources应该在currentCid为空时直接返回","duration":474.8549420000054,"failureMessages":[],"meta":{}},{"ancestorTitles":["FinetuneSettings.vue","覆盖率提升测试"],"fullName":"FinetuneSettings.vue 覆盖率提升测试 deleteFinetune的catch应该处理异常","status":"passed","title":"deleteFinetune的catch应该处理异常","duration":460.28796799998963,"failureMessages":[],"meta":{}},{"ancestorTitles":["FinetuneSettings.vue","覆盖率提升测试"],"fullName":"FinetuneSettings.vue 覆盖率提升测试 handleMouseOver应该在delDesc为空时不改变样式","status":"passed","title":"handleMouseOver应该在delDesc为空时不改变样式","duration":721.8988570000074,"failureMessages":[],"meta":{}},{"ancestorTitles":["FinetuneSettings.vue","覆盖率提升测试"],"fullName":"FinetuneSettings.vue 覆盖率提升测试 handleMouseOver应该在delDesc不为空时改变样式","status":"passed","title":"handleMouseOver应该在delDesc不为空时改变样式","duration":474.6752679999918,"failureMessages":[],"meta":{}},{"ancestorTitles":["FinetuneSettings.vue","覆盖率提升测试"],"fullName":"FinetuneSettings.vue 覆盖率提升测试 handleMouseLeave应该恢复按钮样式","status":"passed","title":"handleMouseLeave应该恢复按钮样式","duration":512.7769919999992,"failureMessages":[],"meta":{}},{"ancestorTitles":["FinetuneSettings.vue","覆盖率提升测试"],"fullName":"FinetuneSettings.vue 覆盖率提升测试 fetchFrameworks应该在currentResourceDetail为null时不匹配框架","status":"passed","title":"fetchFrameworks应该在currentResourceDetail为null时不匹配框架","duration":633.0835850000003,"failureMessages":[],"meta":{}},{"ancestorTitles":["FinetuneSettings.vue","覆盖率提升测试"],"fullName":"FinetuneSettings.vue 覆盖率提升测试 initialized应该包含所有初始化状态","status":"passed","title":"initialized应该包含所有初始化状态","duration":642.6063339999964,"failureMessages":[],"meta":{}},{"ancestorTitles":["FinetuneSettings.vue","覆盖率提升测试"],"fullName":"FinetuneSettings.vue 覆盖率提升测试 notInitialized应该只在NoAppFile和Running时为true","status":"passed","title":"notInitialized应该只在NoAppFile和Running时为true","duration":781.7020160000102,"failureMessages":[],"meta":{}},{"ancestorTitles":["FinetuneSettings.vue","覆盖率提升测试"],"fullName":"FinetuneSettings.vue 覆盖率提升测试 cnName应该可以正确读写","status":"passed","title":"cnName应该可以正确读写","duration":1219.3355989999982,"failureMessages":[],"meta":{}}],"startTime":1770355454049,"endTime":1770355511194.3357,"status":"passed","message":"","name":"/Users/jasonjiang/Downloads/AutoTest/csghub/frontend/src/components/finetune/__tests__/FinetuneSettings.spec.js"},{"assertionResults":[{"ancestorTitles":["NewFinetune.vue","渲染测试"],"fullName":"NewFinetune.vue 渲染测试 应该正确渲染组件结构","status":"passed","title":"应该正确渲染组件结构","duration":3485.852060000001,"failureMessages":[],"meta":{}},{"ancestorTitles":["NewFinetune.vue","渲染测试"],"fullName":"NewFinetune.vue 渲染测试 应该显示标题和描述","status":"passed","title":"应该显示标题和描述","duration":2260.2595809999984,"failureMessages":[],"meta":{}},{"ancestorTitles":["NewFinetune.vue","渲染测试"],"fullName":"NewFinetune.vue 渲染测试 应该渲染所有表单字段","status":"passed","title":"应该渲染所有表单字段","duration":2716.011112,"failureMessages":[],"meta":{}},{"ancestorTitles":["NewFinetune.vue","渲染测试"],"fullName":"NewFinetune.vue 渲染测试 应该显示Lottie动画","status":"passed","title":"应该显示Lottie动画","duration":2556.9381410000024,"failureMessages":[],"meta":{}},{"ancestorTitles":["NewFinetune.vue","渲染测试"],"fullName":"NewFinetune.vue 渲染测试 应该在URL有model_id时预填充","status":"passed","title":"应该在URL有model_id时预填充","duration":4559.2620480000005,"failureMessages":[],"meta":{}},{"ancestorTitles":["NewFinetune.vue","表单验证测试"],"fullName":"NewFinetune.vue 表单验证测试 名称为空时应显示错误","status":"passed","title":"名称为空时应显示错误","duration":931.2596220000014,"failureMessages":[],"meta":{}},{"ancestorTitles":["NewFinetune.vue","表单验证测试"],"fullName":"NewFinetune.vue 表单验证测试 名称长度不足2个字符时应显示错误","status":"passed","title":"名称长度不足2个字符时应显示错误","duration":1221.3618179999976,"failureMessages":[],"meta":{}},{"ancestorTitles":["NewFinetune.vue","表单验证测试"],"fullName":"NewFinetune.vue 表单验证测试 名称超过64个字符时应显示错误","status":"passed","title":"名称超过64个字符时应显示错误","duration":3325.5712250000033,"failureMessages":[],"meta":{}},{"ancestorTitles":["NewFinetune.vue","表单验证测试"],"fullName":"NewFinetune.vue 表单验证测试 名称不以字母开头时应显示错误","status":"passed","title":"名称不以字母开头时应显示错误","duration":2257.227472999999,"failureMessages":[],"meta":{}},{"ancestorTitles":["NewFinetune.vue","表单验证测试"],"fullName":"NewFinetune.vue 表单验证测试 名称不以字母或数字结尾时应显示错误","status":"passed","title":"名称不以字母或数字结尾时应显示错误","duration":2215.2633940000014,"failureMessages":[],"meta":{}},{"ancestorTitles":["NewFinetune.vue","表单验证测试"],"fullName":"NewFinetune.vue 表单验证测试 名称包含非法字符时应显示错误","status":"passed","title":"名称包含非法字符时应显示错误","duration":1317.3857780000035,"failureMessages":[],"meta":{}},{"ancestorTitles":["NewFinetune.vue","表单验证测试"],"fullName":"NewFinetune.vue 表单验证测试 模型ID格式错误时应显示错误","status":"passed","title":"模型ID格式错误时应显示错误","duration":1202.4297760000045,"failureMessages":[],"meta":{}},{"ancestorTitles":["NewFinetune.vue","表单验证测试"],"fullName":"NewFinetune.vue 表单验证测试 所有验证通过时应允许提交","status":"passed","title":"所有验证通过时应允许提交","duration":1255.135635999999,"failureMessages":[],"meta":{}},{"ancestorTitles":["NewFinetune.vue","数据联动测试"],"fullName":"NewFinetune.vue 数据联动测试 选择集群后应加载资源列表","status":"passed","title":"选择集群后应加载资源列表","duration":2094.8900179999982,"failureMessages":[],"meta":{}},{"ancestorTitles":["NewFinetune.vue","数据联动测试"],"fullName":"NewFinetune.vue 数据联动测试 选择资源后应筛选匹配的框架","status":"passed","title":"选择资源后应筛选匹配的框架","duration":3312.6325419999994,"failureMessages":[],"meta":{}},{"ancestorTitles":["NewFinetune.vue","数据联动测试"],"fullName":"NewFinetune.vue 数据联动测试 切换资源类型应更新资源列表","status":"passed","title":"切换资源类型应更新资源列表","duration":1132.286067000001,"failureMessages":[],"meta":{}},{"ancestorTitles":["NewFinetune.vue","数据联动测试"],"fullName":"NewFinetune.vue 数据联动测试 选择模型后应加载运行时框架","status":"passed","title":"选择模型后应加载运行时框架","duration":1367.522450000004,"failureMessages":[],"meta":{}},{"ancestorTitles":["NewFinetune.vue","数据联动测试"],"fullName":"NewFinetune.vue 数据联动测试 框架版本应根据资源类型筛选","status":"passed","title":"框架版本应根据资源类型筛选","duration":1292.8170499999978,"failureMessages":[],"meta":{}},{"ancestorTitles":["NewFinetune.vue","数据联动测试"],"fullName":"NewFinetune.vue 数据联动测试 无可用资源时应清空选择","status":"passed","title":"无可用资源时应清空选择","duration":1290.0688700000028,"failureMessages":[],"meta":{}},{"ancestorTitles":["NewFinetune.vue","数据联动测试"],"fullName":"NewFinetune.vue 数据联动测试 框架版本变化应重置runtime_framework_id","status":"passed","title":"框架版本变化应重置runtime_framework_id","duration":2020.9457120000006,"failureMessages":[],"meta":{}},{"ancestorTitles":["NewFinetune.vue","API交互测试"],"fullName":"NewFinetune.vue API交互测试 应该正确调用集群列表API","status":"passed","title":"应该正确调用集群列表API","duration":2499.2758539999995,"failureMessages":[],"meta":{}},{"ancestorTitles":["NewFinetune.vue","API交互测试"],"fullName":"NewFinetune.vue API交互测试 应该正确调用资源列表API","status":"passed","title":"应该正确调用资源列表API","duration":1433.1554929999984,"failureMessages":[],"meta":{}},{"ancestorTitles":["NewFinetune.vue","API交互测试"],"fullName":"NewFinetune.vue API交互测试 应该正确调用模型搜索API","status":"passed","title":"应该正确调用模型搜索API","duration":1921.4160049999991,"failureMessages":[],"meta":{}},{"ancestorTitles":["NewFinetune.vue","API交互测试"],"fullName":"NewFinetune.vue API交互测试 应该正确调用框架列表API","status":"passed","title":"应该正确调用框架列表API","duration":3236.857407000003,"failureMessages":[],"meta":{}},{"ancestorTitles":["NewFinetune.vue","API交互测试"],"fullName":"NewFinetune.vue API交互测试 提交表单应调用创建微调API","status":"passed","title":"提交表单应调用创建微调API","duration":1622.3050090000033,"failureMessages":[],"meta":{}},{"ancestorTitles":["NewFinetune.vue","错误处理测试"],"fullName":"NewFinetune.vue 错误处理测试 API错误时应显示错误消息","status":"passed","title":"API错误时应显示错误消息","duration":1278.3373960000026,"failureMessages":[],"meta":{}},{"ancestorTitles":["NewFinetune.vue","错误处理测试"],"fullName":"NewFinetune.vue 错误处理测试 提交失败时应停止loading状态","status":"passed","title":"提交失败时应停止loading状态","duration":1757.0297129999963,"failureMessages":[],"meta":{}},{"ancestorTitles":["NewFinetune.vue","错误处理测试"],"fullName":"NewFinetune.vue 错误处理测试 框架加载失败时应清空选项","status":"passed","title":"框架加载失败时应清空选项","duration":2143.017768000005,"failureMessages":[],"meta":{}},{"ancestorTitles":["NewFinetune.vue","用户交互测试"],"fullName":"NewFinetune.vue 用户交互测试 点击指南按钮应打开新窗口","status":"passed","title":"点击指南按钮应打开新窗口","duration":1188.8292619999993,"failureMessages":[],"meta":{}},{"ancestorTitles":["NewFinetune.vue","用户交互测试"],"fullName":"NewFinetune.vue 用户交互测试 点击资源卡片应更新选择","status":"passed","title":"点击资源卡片应更新选择","duration":895.7568160000083,"failureMessages":[],"meta":{}},{"ancestorTitles":["NewFinetune.vue","用户交互测试"],"fullName":"NewFinetune.vue 用户交互测试 提交按钮应触发表单验证","status":"passed","title":"提交按钮应触发表单验证","duration":791.7918689999933,"failureMessages":[],"meta":{}},{"ancestorTitles":["NewFinetune.vue","覆盖率提升测试"],"fullName":"NewFinetune.vue 覆盖率提升测试 setActiveType应该正确切换资源类型","status":"passed","title":"setActiveType应该正确切换资源类型","duration":1049.2193540000007,"failureMessages":[],"meta":{}},{"ancestorTitles":["NewFinetune.vue","覆盖率提升测试"],"fullName":"NewFinetune.vue 覆盖率提升测试 setActiveType应该在找不到类型时返回空数组","status":"passed","title":"setActiveType应该在找不到类型时返回空数组","duration":771.9366619999928,"failureMessages":[],"meta":{}},{"ancestorTitles":["NewFinetune.vue","覆盖率提升测试"],"fullName":"NewFinetune.vue 覆盖率提升测试 changeCloudResource应该在资源不可用时也能设置","status":"passed","title":"changeCloudResource应该在资源不可用时也能设置","duration":853.4328709999972,"failureMessages":[],"meta":{}},{"ancestorTitles":["NewFinetune.vue","覆盖率提升测试"],"fullName":"NewFinetune.vue 覆盖率提升测试 resetCurrentRuntimeFramework应该在框架存在时保持不变","status":"passed","title":"resetCurrentRuntimeFramework应该在框架存在时保持不变","duration":835.1844370000035,"failureMessages":[],"meta":{}},{"ancestorTitles":["NewFinetune.vue","覆盖率提升测试"],"fullName":"NewFinetune.vue 覆盖率提升测试 resetCurrentRuntimeFramework应该在框架不存在时重置为第一个","status":"passed","title":"resetCurrentRuntimeFramework应该在框架不存在时重置为第一个","duration":1024.289656000008,"failureMessages":[],"meta":{}},{"ancestorTitles":["NewFinetune.vue","覆盖率提升测试"],"fullName":"NewFinetune.vue 覆盖率提升测试 resetCurrentRuntimeFramework应该在没有框架时设置为空字符串","status":"passed","title":"resetCurrentRuntimeFramework应该在没有框架时设置为空字符串","duration":1076.9663209999999,"failureMessages":[],"meta":{}},{"ancestorTitles":["NewFinetune.vue","覆盖率提升测试"],"fullName":"NewFinetune.vue 覆盖率提升测试 fetchRuntimeFramework应该处理无效的API响应","status":"passed","title":"fetchRuntimeFramework应该处理无效的API响应","duration":1192.2493239999894,"failureMessages":[],"meta":{}},{"ancestorTitles":["NewFinetune.vue","覆盖率提升测试"],"fullName":"NewFinetune.vue 覆盖率提升测试 fetchRuntimeFramework应该处理catch错误","status":"passed","title":"fetchRuntimeFramework应该处理catch错误","duration":858.3362799999886,"failureMessages":[],"meta":{}},{"ancestorTitles":["NewFinetune.vue","覆盖率提升测试"],"fullName":"NewFinetune.vue 覆盖率提升测试 fetchRuntimeFramework应该在model_id为空时直接返回","status":"passed","title":"fetchRuntimeFramework应该在model_id为空时直接返回","duration":789.1985240000067,"failureMessages":[],"meta":{}},{"ancestorTitles":["NewFinetune.vue","覆盖率提升测试"],"fullName":"NewFinetune.vue 覆盖率提升测试 fetchRuntimeFramework应该处理空的框架数据","status":"passed","title":"fetchRuntimeFramework应该处理空的框架数据","duration":885.3139129999909,"failureMessages":[],"meta":{}},{"ancestorTitles":["NewFinetune.vue","覆盖率提升测试"],"fullName":"NewFinetune.vue 覆盖率提升测试 resetVersions应该根据资源类型筛选框架版本","status":"passed","title":"resetVersions应该根据资源类型筛选框架版本","duration":821.1500249999954,"failureMessages":[],"meta":{}},{"ancestorTitles":["NewFinetune.vue","覆盖率提升测试"],"fullName":"NewFinetune.vue 覆盖率提升测试 filterFrameworks应该在resource_id为空时返回空数组","status":"passed","title":"filterFrameworks应该在resource_id为空时返回空数组","duration":1020.7151259999955,"failureMessages":[],"meta":{}},{"ancestorTitles":["NewFinetune.vue","覆盖率提升测试"],"fullName":"NewFinetune.vue 覆盖率提升测试 filterFrameworks应该在找不到资源时返回空数组","status":"passed","title":"filterFrameworks应该在找不到资源时返回空数组","duration":863.8974670000025,"failureMessages":[],"meta":{}},{"ancestorTitles":["NewFinetune.vue","覆盖率提升测试"],"fullName":"NewFinetune.vue 覆盖率提升测试 filterFrameworks应该在finetuneFrameworks为空时返回空数组","status":"passed","title":"filterFrameworks应该在finetuneFrameworks为空时返回空数组","duration":875.6194790000009,"failureMessages":[],"meta":{}},{"ancestorTitles":["NewFinetune.vue","覆盖率提升测试"],"fullName":"NewFinetune.vue 覆盖率提升测试 watch filterFrameworks应该在有框架时设置第一个","status":"passed","title":"watch filterFrameworks应该在有框架时设置第一个","duration":953.477034999989,"failureMessages":[],"meta":{}},{"ancestorTitles":["NewFinetune.vue","覆盖率提升测试"],"fullName":"NewFinetune.vue 覆盖率提升测试 watch filterFrameworks应该在没有框架时清空选项","status":"passed","title":"watch filterFrameworks应该在没有框架时清空选项","duration":949.0987820000009,"failureMessages":[],"meta":{}},{"ancestorTitles":["NewFinetune.vue","覆盖率提升测试"],"fullName":"NewFinetune.vue 覆盖率提升测试 submitFinetuneForm应该在成功时跳转到详情页","status":"passed","title":"submitFinetuneForm应该在成功时跳转到详情页","duration":1371.3115860000107,"failureMessages":[],"meta":{}},{"ancestorTitles":["NewFinetune.vue","覆盖率提升测试"],"fullName":"NewFinetune.vue 覆盖率提升测试 submitFinetuneForm应该正确处理resource_id的分割","status":"passed","title":"submitFinetuneForm应该正确处理resource_id的分割","duration":1937.7995759999903,"failureMessages":[],"meta":{}},{"ancestorTitles":["NewFinetune.vue","覆盖率提升测试"],"fullName":"NewFinetune.vue 覆盖率提升测试 fetchResources应该在没有可用资源时清空resource_id","status":"passed","title":"fetchResources应该在没有可用资源时清空resource_id","duration":991.6028119999974,"failureMessages":[],"meta":{}},{"ancestorTitles":["NewFinetune.vue","覆盖率提升测试"],"fullName":"NewFinetune.vue 覆盖率提升测试 fetchClusters应该设置第一个集群为默认值","status":"passed","title":"fetchClusters应该设置第一个集群为默认值","duration":1124.1475559999963,"failureMessages":[],"meta":{}},{"ancestorTitles":["NewFinetune.vue","覆盖率提升测试"],"fullName":"NewFinetune.vue 覆盖率提升测试 fetchModels应该正确格式化模型路径","status":"passed","title":"fetchModels应该正确格式化模型路径","duration":1214.6185089999926,"failureMessages":[],"meta":{}},{"ancestorTitles":["NewFinetune.vue","覆盖率提升测试"],"fullName":"NewFinetune.vue 覆盖率提升测试 handleSubmit应该在验证失败时停止loading","status":"passed","title":"handleSubmit应该在验证失败时停止loading","duration":1216.4295229999989,"failureMessages":[],"meta":{}},{"ancestorTitles":["NewFinetune.vue","覆盖率提升测试"],"fullName":"NewFinetune.vue 覆盖率提升测试 minGpuMemory计算属性应该正确工作","status":"passed","title":"minGpuMemory计算属性应该正确工作","duration":1276.1509450000012,"failureMessages":[],"meta":{}}],"startTime":1770355454191,"endTime":1770355538735.151,"status":"passed","message":"","name":"/Users/jasonjiang/Downloads/AutoTest/csghub/frontend/src/components/finetune/__tests__/NewFinetune.spec.js"}]}