{"numTotalTestSuites":12,"numPassedTestSuites":3,"numFailedTestSuites":9,"numPendingTestSuites":0,"numTotalTests":38,"numPassedTests":28,"numFailedTests":10,"numPendingTests":0,"numTodoTests":0,"snapshot":{"added":0,"failure":false,"filesAdded":0,"filesRemoved":0,"filesRemovedList":[],"filesUnmatched":0,"filesUpdated":0,"matched":0,"total":0,"unchecked":0,"uncheckedKeysByFile":[],"unmatched":0,"updated":0,"didUpdate":false},"startTime":1770341911989,"success":false,"testResults":[{"assertionResults":[{"ancestorTitles":["FinetuneDetail.vue","渲染测试"],"fullName":"FinetuneDetail.vue 渲染测试 应该正确渲染RepoHeader","status":"passed","title":"应该正确渲染RepoHeader","duration":388.7050909999998,"failureMessages":[],"location":{"line":215,"column":5},"meta":{}},{"ancestorTitles":["FinetuneDetail.vue","渲染测试"],"fullName":"FinetuneDetail.vue 渲染测试 应该渲染Tab导航","status":"passed","title":"应该渲染Tab导航","duration":53.68594799999846,"failureMessages":[],"location":{"line":220,"column":5},"meta":{}},{"ancestorTitles":["FinetuneDetail.vue","渲染测试"],"fullName":"FinetuneDetail.vue 渲染测试 应该在有endpoint时显示Notebook按钮","status":"failed","title":"应该在有endpoint时显示Notebook按钮","duration":56.35994600000049,"failureMessages":["AssertionError: expected false to be true // Object.is equality\n    at /Users/jasonjiang/Downloads/AutoTest/csghub/frontend/src/components/finetune/__tests__/FinetuneDetail.spec.js:231:31\n    at processTicksAndRejections (node:internal/process/task_queues:105:5)\n    at file:///Users/jasonjiang/Downloads/AutoTest/csghub/frontend/node_modules/@vitest/runner/dist/index.js:533:5\n    at runTest (file:///Users/jasonjiang/Downloads/AutoTest/csghub/frontend/node_modules/@vitest/runner/dist/index.js:1056:11)\n    at runSuite (file:///Users/jasonjiang/Downloads/AutoTest/csghub/frontend/node_modules/@vitest/runner/dist/index.js:1205:15)\n    at runSuite (file:///Users/jasonjiang/Downloads/AutoTest/csghub/frontend/node_modules/@vitest/runner/dist/index.js:1205:15)\n    at runSuite (file:///Users/jasonjiang/Downloads/AutoTest/csghub/frontend/node_modules/@vitest/runner/dist/index.js:1205:15)\n    at runFiles (file:///Users/jasonjiang/Downloads/AutoTest/csghub/frontend/node_modules/@vitest/runner/dist/index.js:1262:5)\n    at startTests (file:///Users/jasonjiang/Downloads/AutoTest/csghub/frontend/node_modules/@vitest/runner/dist/index.js:1271:3)\n    at file:///Users/jasonjiang/Downloads/AutoTest/csghub/frontend/node_modules/vitest/dist/chunks/runBaseTests.3qpJUEJM.js:126:11"],"location":{"line":225,"column":5},"meta":{}},{"ancestorTitles":["FinetuneDetail.vue","渲染测试"],"fullName":"FinetuneDetail.vue 渲染测试 应该在无endpoint时显示提示信息","status":"failed","title":"应该在无endpoint时显示提示信息","duration":39.611839000001055,"failureMessages":["AssertionError: expected 'Start NotebookOverviewAnalysisBilling…' to contain '暂无数据提示1'\n    at /Users/jasonjiang/Downloads/AutoTest/csghub/frontend/src/components/finetune/__tests__/FinetuneDetail.spec.js:239:30\n    at processTicksAndRejections (node:internal/process/task_queues:105:5)\n    at file:///Users/jasonjiang/Downloads/AutoTest/csghub/frontend/node_modules/@vitest/runner/dist/index.js:533:5\n    at runTest (file:///Users/jasonjiang/Downloads/AutoTest/csghub/frontend/node_modules/@vitest/runner/dist/index.js:1056:11)\n    at runSuite (file:///Users/jasonjiang/Downloads/AutoTest/csghub/frontend/node_modules/@vitest/runner/dist/index.js:1205:15)\n    at runSuite (file:///Users/jasonjiang/Downloads/AutoTest/csghub/frontend/node_modules/@vitest/runner/dist/index.js:1205:15)\n    at runSuite (file:///Users/jasonjiang/Downloads/AutoTest/csghub/frontend/node_modules/@vitest/runner/dist/index.js:1205:15)\n    at runFiles (file:///Users/jasonjiang/Downloads/AutoTest/csghub/frontend/node_modules/@vitest/runner/dist/index.js:1262:5)\n    at startTests (file:///Users/jasonjiang/Downloads/AutoTest/csghub/frontend/node_modules/@vitest/runner/dist/index.js:1271:3)\n    at file:///Users/jasonjiang/Downloads/AutoTest/csghub/frontend/node_modules/vitest/dist/chunks/runBaseTests.3qpJUEJM.js:126:11"],"location":{"line":234,"column":5},"meta":{}},{"ancestorTitles":["FinetuneDetail.vue","渲染测试"],"fullName":"FinetuneDetail.vue 渲染测试 应该在加载时显示LoadingSpinner","status":"passed","title":"应该在加载时显示LoadingSpinner","duration":38.88070700000026,"failureMessages":[],"location":{"line":242,"column":5},"meta":{}},{"ancestorTitles":["FinetuneDetail.vue","Tab切换测试"],"fullName":"FinetuneDetail.vue Tab切换测试 默认应显示page标签","status":"passed","title":"默认应显示page标签","duration":31.923274999999194,"failureMessages":[],"location":{"line":253,"column":5},"meta":{}},{"ancestorTitles":["FinetuneDetail.vue","Tab切换测试"],"fullName":"FinetuneDetail.vue Tab切换测试 点击tab应切换内容","status":"passed","title":"点击tab应切换内容","duration":68.86779799999931,"failureMessages":[],"location":{"line":257,"column":5},"meta":{}},{"ancestorTitles":["FinetuneDetail.vue","Tab切换测试"],"fullName":"FinetuneDetail.vue Tab切换测试 tab切换应更新URL query参数","status":"failed","title":"tab切换应更新URL query参数","duration":63.6911659999987,"failureMessages":["AssertionError: expected \"spy\" to be called with arguments: [ ObjectContaining{…} ]\n\nReceived: \n\n\n\nNumber of calls: 0\n\n    at Proxy.<anonymous> (file:///Users/jasonjiang/Downloads/AutoTest/csghub/frontend/node_modules/@vitest/expect/dist/index.js:1465:13)\n    at Proxy.<anonymous> (file:///Users/jasonjiang/Downloads/AutoTest/csghub/frontend/node_modules/@vitest/expect/dist/index.js:972:17)\n    at Proxy.methodWrapper (file:///Users/jasonjiang/Downloads/AutoTest/csghub/frontend/node_modules/chai/chai.js:1618:25)\n    at /Users/jasonjiang/Downloads/AutoTest/csghub/frontend/src/components/finetune/__tests__/FinetuneDetail.spec.js:271:27\n    at processTicksAndRejections (node:internal/process/task_queues:105:5)\n    at file:///Users/jasonjiang/Downloads/AutoTest/csghub/frontend/node_modules/@vitest/runner/dist/index.js:533:5\n    at runTest (file:///Users/jasonjiang/Downloads/AutoTest/csghub/frontend/node_modules/@vitest/runner/dist/index.js:1056:11)\n    at runSuite (file:///Users/jasonjiang/Downloads/AutoTest/csghub/frontend/node_modules/@vitest/runner/dist/index.js:1205:15)\n    at runSuite (file:///Users/jasonjiang/Downloads/AutoTest/csghub/frontend/node_modules/@vitest/runner/dist/index.js:1205:15)\n    at runSuite (file:///Users/jasonjiang/Downloads/AutoTest/csghub/frontend/node_modules/@vitest/runner/dist/index.js:1205:15)"],"location":{"line":264,"column":5},"meta":{}},{"ancestorTitles":["FinetuneDetail.vue","Tab切换测试"],"fullName":"FinetuneDetail.vue Tab切换测试 URL参数变化应切换tab","status":"passed","title":"URL参数变化应切换tab","duration":53.49455200000011,"failureMessages":[],"location":{"line":278,"column":5},"meta":{}},{"ancestorTitles":["FinetuneDetail.vue","Tab切换测试"],"fullName":"FinetuneDetail.vue Tab切换测试 无效tab应重定向到默认tab","status":"failed","title":"无效tab应重定向到默认tab","duration":32.25789799999984,"failureMessages":["AssertionError: expected \"spy\" to be called with arguments: [ ObjectContaining{…} ]\n\nReceived: \n\n\n\nNumber of calls: 0\n\n    at Proxy.<anonymous> (file:///Users/jasonjiang/Downloads/AutoTest/csghub/frontend/node_modules/@vitest/expect/dist/index.js:1465:13)\n    at Proxy.<anonymous> (file:///Users/jasonjiang/Downloads/AutoTest/csghub/frontend/node_modules/@vitest/expect/dist/index.js:972:17)\n    at Proxy.methodWrapper (file:///Users/jasonjiang/Downloads/AutoTest/csghub/frontend/node_modules/chai/chai.js:1618:25)\n    at /Users/jasonjiang/Downloads/AutoTest/csghub/frontend/src/components/finetune/__tests__/FinetuneDetail.spec.js:294:27\n    at processTicksAndRejections (node:internal/process/task_queues:105:5)\n    at file:///Users/jasonjiang/Downloads/AutoTest/csghub/frontend/node_modules/@vitest/runner/dist/index.js:533:5\n    at runTest (file:///Users/jasonjiang/Downloads/AutoTest/csghub/frontend/node_modules/@vitest/runner/dist/index.js:1056:11)\n    at runSuite (file:///Users/jasonjiang/Downloads/AutoTest/csghub/frontend/node_modules/@vitest/runner/dist/index.js:1205:15)\n    at runSuite (file:///Users/jasonjiang/Downloads/AutoTest/csghub/frontend/node_modules/@vitest/runner/dist/index.js:1205:15)\n    at runSuite (file:///Users/jasonjiang/Downloads/AutoTest/csghub/frontend/node_modules/@vitest/runner/dist/index.js:1205:15)"],"location":{"line":287,"column":5},"meta":{}},{"ancestorTitles":["FinetuneDetail.vue","Tab切换测试"],"fullName":"FinetuneDetail.vue Tab切换测试 tab切换应调用fetchRepoDetail","status":"failed","title":"tab切换应调用fetchRepoDetail","duration":58.995912999998836,"failureMessages":["AssertionError: expected \"fetchRepoDetail\" to be called at least once\n    at Proxy.<anonymous> (file:///Users/jasonjiang/Downloads/AutoTest/csghub/frontend/node_modules/@vitest/expect/dist/index.js:1448:13)\n    at Proxy.<anonymous> (file:///Users/jasonjiang/Downloads/AutoTest/csghub/frontend/node_modules/@vitest/expect/dist/index.js:972:17)\n    at Proxy.methodWrapper (file:///Users/jasonjiang/Downloads/AutoTest/csghub/frontend/node_modules/chai/chai.js:1618:25)\n    at /Users/jasonjiang/Downloads/AutoTest/csghub/frontend/src/components/finetune/__tests__/FinetuneDetail.spec.js:307:24\n    at file:///Users/jasonjiang/Downloads/AutoTest/csghub/frontend/node_modules/@vitest/runner/dist/index.js:533:5\n    at runTest (file:///Users/jasonjiang/Downloads/AutoTest/csghub/frontend/node_modules/@vitest/runner/dist/index.js:1056:11)\n    at runSuite (file:///Users/jasonjiang/Downloads/AutoTest/csghub/frontend/node_modules/@vitest/runner/dist/index.js:1205:15)\n    at runSuite (file:///Users/jasonjiang/Downloads/AutoTest/csghub/frontend/node_modules/@vitest/runner/dist/index.js:1205:15)\n    at runSuite (file:///Users/jasonjiang/Downloads/AutoTest/csghub/frontend/node_modules/@vitest/runner/dist/index.js:1205:15)\n    at runFiles (file:///Users/jasonjiang/Downloads/AutoTest/csghub/frontend/node_modules/@vitest/runner/dist/index.js:1262:5)"],"location":{"line":301,"column":5},"meta":{}},{"ancestorTitles":["FinetuneDetail.vue","iframe测试"],"fullName":"FinetuneDetail.vue iframe测试 应该正确设置iframe src（包含jwt）","status":"passed","title":"应该正确设置iframe src（包含jwt）","duration":34.693835000000036,"failureMessages":[],"location":{"line":313,"column":5},"meta":{}},{"ancestorTitles":["FinetuneDetail.vue","iframe测试"],"fullName":"FinetuneDetail.vue iframe测试 应该根据窗口大小计算iframe高度","status":"passed","title":"应该根据窗口大小计算iframe高度","duration":27.287318000000596,"failureMessages":[],"location":{"line":326,"column":5},"meta":{}},{"ancestorTitles":["FinetuneDetail.vue","iframe测试"],"fullName":"FinetuneDetail.vue iframe测试 窗口resize应更新iframe高度","status":"failed","title":"窗口resize应更新iframe高度","duration":25.306196999999884,"failureMessages":["AssertionError: expected \"calculateIframeHeight\" to be called at least once\n    at Proxy.<anonymous> (file:///Users/jasonjiang/Downloads/AutoTest/csghub/frontend/node_modules/@vitest/expect/dist/index.js:1448:13)\n    at Proxy.<anonymous> (file:///Users/jasonjiang/Downloads/AutoTest/csghub/frontend/node_modules/@vitest/expect/dist/index.js:972:17)\n    at Proxy.methodWrapper (file:///Users/jasonjiang/Downloads/AutoTest/csghub/frontend/node_modules/chai/chai.js:1618:25)\n    at /Users/jasonjiang/Downloads/AutoTest/csghub/frontend/src/components/finetune/__tests__/FinetuneDetail.spec.js:343:28\n    at file:///Users/jasonjiang/Downloads/AutoTest/csghub/frontend/node_modules/@vitest/runner/dist/index.js:146:14\n    at file:///Users/jasonjiang/Downloads/AutoTest/csghub/frontend/node_modules/@vitest/runner/dist/index.js:533:11\n    at runWithTimeout (file:///Users/jasonjiang/Downloads/AutoTest/csghub/frontend/node_modules/@vitest/runner/dist/index.js:39:7)\n    at runTest (file:///Users/jasonjiang/Downloads/AutoTest/csghub/frontend/node_modules/@vitest/runner/dist/index.js:1056:17)\n    at runSuite (file:///Users/jasonjiang/Downloads/AutoTest/csghub/frontend/node_modules/@vitest/runner/dist/index.js:1205:15)\n    at runSuite (file:///Users/jasonjiang/Downloads/AutoTest/csghub/frontend/node_modules/@vitest/runner/dist/index.js:1205:15)"],"location":{"line":338,"column":5},"meta":{}},{"ancestorTitles":["FinetuneDetail.vue","SSE测试"],"fullName":"FinetuneDetail.vue SSE测试 应该建立SSE连接同步状态","status":"passed","title":"应该建立SSE连接同步状态","duration":28.436775000000125,"failureMessages":[],"location":{"line":349,"column":5},"meta":{}},{"ancestorTitles":["FinetuneDetail.vue","SSE测试"],"fullName":"FinetuneDetail.vue SSE测试 收到状态变化应更新store","status":"passed","title":"收到状态变化应更新store","duration":50.03399899999931,"failureMessages":[],"location":{"line":365,"column":5},"meta":{}},{"ancestorTitles":["FinetuneDetail.vue","SSE测试"],"fullName":"FinetuneDetail.vue SSE测试 401错误应刷新JWT","status":"passed","title":"401错误应刷新JWT","duration":48.772876999999426,"failureMessages":[],"location":{"line":389,"column":5},"meta":{}},{"ancestorTitles":["FinetuneDetail.vue","SSE测试"],"fullName":"FinetuneDetail.vue SSE测试 组件卸载应清理事件监听","status":"passed","title":"组件卸载应清理事件监听","duration":73.63220600000022,"failureMessages":[],"location":{"line":408,"column":5},"meta":{}},{"ancestorTitles":["FinetuneDetail.vue","数据加载测试"],"fullName":"FinetuneDetail.vue 数据加载测试 应该在挂载时加载详情数据","status":"failed","title":"应该在挂载时加载详情数据","duration":33.75702099999944,"failureMessages":["AssertionError: expected \"spy\" to be called with arguments: [ StringContaining{…} ]\n\nReceived: \n\n\n\nNumber of calls: 0\n\n    at Proxy.<anonymous> (file:///Users/jasonjiang/Downloads/AutoTest/csghub/frontend/node_modules/@vitest/expect/dist/index.js:1465:13)\n    at Proxy.<anonymous> (file:///Users/jasonjiang/Downloads/AutoTest/csghub/frontend/node_modules/@vitest/expect/dist/index.js:972:17)\n    at Proxy.methodWrapper (file:///Users/jasonjiang/Downloads/AutoTest/csghub/frontend/node_modules/chai/chai.js:1618:25)\n    at /Users/jasonjiang/Downloads/AutoTest/csghub/frontend/src/components/finetune/__tests__/FinetuneDetail.spec.js:420:31\n    at file:///Users/jasonjiang/Downloads/AutoTest/csghub/frontend/node_modules/@vitest/runner/dist/index.js:146:14\n    at file:///Users/jasonjiang/Downloads/AutoTest/csghub/frontend/node_modules/@vitest/runner/dist/index.js:533:11\n    at runWithTimeout (file:///Users/jasonjiang/Downloads/AutoTest/csghub/frontend/node_modules/@vitest/runner/dist/index.js:39:7)\n    at runTest (file:///Users/jasonjiang/Downloads/AutoTest/csghub/frontend/node_modules/@vitest/runner/dist/index.js:1056:17)\n    at processTicksAndRejections (node:internal/process/task_queues:105:5)\n    at runSuite (file:///Users/jasonjiang/Downloads/AutoTest/csghub/frontend/node_modules/@vitest/runner/dist/index.js:1205:15)"],"location":{"line":419,"column":5},"meta":{}},{"ancestorTitles":["FinetuneDetail.vue","数据加载测试"],"fullName":"FinetuneDetail.vue 数据加载测试 404响应应跳转到NotFound页面","status":"passed","title":"404响应应跳转到NotFound页面","duration":34.99627200000032,"failureMessages":[],"location":{"line":425,"column":5},"meta":{}},{"ancestorTitles":["FinetuneDetail.vue","数据加载测试"],"fullName":"FinetuneDetail.vue 数据加载测试 加载失败应正确处理错误","status":"passed","title":"加载失败应正确处理错误","duration":31.471082000000024,"failureMessages":[],"location":{"line":442,"column":5},"meta":{}},{"ancestorTitles":["FinetuneDetail.vue","数据加载测试"],"fullName":"FinetuneDetail.vue 数据加载测试 clusterId变化应重新加载资源","status":"passed","title":"clusterId变化应重新加载资源","duration":27.223565000000235,"failureMessages":[],"location":{"line":452,"column":5},"meta":{}},{"ancestorTitles":["FinetuneDetail.vue","Computed属性测试"],"fullName":"FinetuneDetail.vue Computed属性测试 validTabs应该返回有效的tab列表","status":"passed","title":"validTabs应该返回有效的tab列表","duration":40.74215700000059,"failureMessages":[],"location":{"line":466,"column":5},"meta":{}},{"ancestorTitles":["FinetuneDetail.vue","Computed属性测试"],"fullName":"FinetuneDetail.vue Computed属性测试 getDefaultTab应该返回默认tab","status":"passed","title":"getDefaultTab应该返回默认tab","duration":27.077723000000333,"failureMessages":[],"location":{"line":474,"column":5},"meta":{}},{"ancestorTitles":["FinetuneDetail.vue","Computed属性测试"],"fullName":"FinetuneDetail.vue Computed属性测试 isValidTab应该正确验证tab","status":"passed","title":"isValidTab应该正确验证tab","duration":29.57956699999886,"failureMessages":[],"location":{"line":478,"column":5},"meta":{}},{"ancestorTitles":["FinetuneDetail.vue","Computed属性测试"],"fullName":"FinetuneDetail.vue Computed属性测试 isSameRepo应该正确判断是否同一仓库","status":"failed","title":"isSameRepo应该正确判断是否同一仓库","duration":24.563399000000572,"failureMessages":["AssertionError: expected true to be false // Object.is equality\n    at /Users/jasonjiang/Downloads/AutoTest/csghub/frontend/src/components/finetune/__tests__/FinetuneDetail.spec.js:491:37\n    at file:///Users/jasonjiang/Downloads/AutoTest/csghub/frontend/node_modules/@vitest/runner/dist/index.js:146:14\n    at file:///Users/jasonjiang/Downloads/AutoTest/csghub/frontend/node_modules/@vitest/runner/dist/index.js:533:11\n    at runWithTimeout (file:///Users/jasonjiang/Downloads/AutoTest/csghub/frontend/node_modules/@vitest/runner/dist/index.js:39:7)\n    at runTest (file:///Users/jasonjiang/Downloads/AutoTest/csghub/frontend/node_modules/@vitest/runner/dist/index.js:1056:17)\n    at processTicksAndRejections (node:internal/process/task_queues:105:5)\n    at runSuite (file:///Users/jasonjiang/Downloads/AutoTest/csghub/frontend/node_modules/@vitest/runner/dist/index.js:1205:15)\n    at runSuite (file:///Users/jasonjiang/Downloads/AutoTest/csghub/frontend/node_modules/@vitest/runner/dist/index.js:1205:15)\n    at runSuite (file:///Users/jasonjiang/Downloads/AutoTest/csghub/frontend/node_modules/@vitest/runner/dist/index.js:1205:15)\n    at runFiles (file:///Users/jasonjiang/Downloads/AutoTest/csghub/frontend/node_modules/@vitest/runner/dist/index.js:1262:5)"],"location":{"line":484,"column":5},"meta":{}},{"ancestorTitles":["FinetuneDetail.vue","方法测试"],"fullName":"FinetuneDetail.vue 方法测试 toNotebookPage应该打开新窗口","status":"passed","title":"toNotebookPage应该打开新窗口","duration":31.178132000000915,"failureMessages":[],"location":{"line":497,"column":5},"meta":{}},{"ancestorTitles":["FinetuneDetail.vue","方法测试"],"fullName":"FinetuneDetail.vue 方法测试 fetchResources应该加载资源列表","status":"passed","title":"fetchResources应该加载资源列表","duration":60.99783100000059,"failureMessages":[],"location":{"line":513,"column":5},"meta":{}},{"ancestorTitles":["FinetuneDetail.vue","方法测试"],"fullName":"FinetuneDetail.vue 方法测试 fetchResources错误应显示消息","status":"passed","title":"fetchResources错误应显示消息","duration":36.9919919999993,"failureMessages":[],"location":{"line":524,"column":5},"meta":{}},{"ancestorTitles":["FinetuneDetail.vue","生命周期测试"],"fullName":"FinetuneDetail.vue 生命周期测试 onBeforeMount应该初始化tab","status":"passed","title":"onBeforeMount应该初始化tab","duration":29.219452000001183,"failureMessages":[],"location":{"line":545,"column":5},"meta":{}},{"ancestorTitles":["FinetuneDetail.vue","生命周期测试"],"fullName":"FinetuneDetail.vue 生命周期测试 onMounted应该添加resize监听器","status":"passed","title":"onMounted应该添加resize监听器","duration":53.0325329999996,"failureMessages":[],"location":{"line":550,"column":5},"meta":{}},{"ancestorTitles":["FinetuneDetail.vue","生命周期测试"],"fullName":"FinetuneDetail.vue 生命周期测试 onUnmounted应该移除resize监听器","status":"passed","title":"onUnmounted应该移除resize监听器","duration":29.769360000000233,"failureMessages":[],"location":{"line":581,"column":5},"meta":{}},{"ancestorTitles":["FinetuneDetail.vue","边界条件测试"],"fullName":"FinetuneDetail.vue 边界条件测试 isDataLoading为true时不应重复加载","status":"passed","title":"isDataLoading为true时不应重复加载","duration":21.76994900000136,"failureMessages":[],"location":{"line":594,"column":5},"meta":{}},{"ancestorTitles":["FinetuneDetail.vue","边界条件测试"],"fullName":"FinetuneDetail.vue 边界条件测试 没有数据时应正确处理","status":"passed","title":"没有数据时应正确处理","duration":36.86682800000017,"failureMessages":[],"location":{"line":602,"column":5},"meta":{}},{"ancestorTitles":["FinetuneDetail.vue","边界条件测试"],"fullName":"FinetuneDetail.vue 边界条件测试 SSE未连接且状态有效时应建立连接","status":"passed","title":"SSE未连接且状态有效时应建立连接","duration":52.05484400000023,"failureMessages":[],"location":{"line":616,"column":5},"meta":{}},{"ancestorTitles":["FinetuneDetail.vue","边界条件测试"],"fullName":"FinetuneDetail.vue 边界条件测试 Building状态应显示InstanceInBuilding组件","status":"failed","title":"Building状态应显示InstanceInBuilding组件","duration":34.629313999999795,"failureMessages":["AssertionError: expected false to be true // Object.is equality\n    at /Users/jasonjiang/Downloads/AutoTest/csghub/frontend/src/components/finetune/__tests__/FinetuneDetail.spec.js:648:33\n    at processTicksAndRejections (node:internal/process/task_queues:105:5)\n    at file:///Users/jasonjiang/Downloads/AutoTest/csghub/frontend/node_modules/@vitest/runner/dist/index.js:533:5\n    at runTest (file:///Users/jasonjiang/Downloads/AutoTest/csghub/frontend/node_modules/@vitest/runner/dist/index.js:1056:11)\n    at runSuite (file:///Users/jasonjiang/Downloads/AutoTest/csghub/frontend/node_modules/@vitest/runner/dist/index.js:1205:15)\n    at runSuite (file:///Users/jasonjiang/Downloads/AutoTest/csghub/frontend/node_modules/@vitest/runner/dist/index.js:1205:15)\n    at runSuite (file:///Users/jasonjiang/Downloads/AutoTest/csghub/frontend/node_modules/@vitest/runner/dist/index.js:1205:15)\n    at runFiles (file:///Users/jasonjiang/Downloads/AutoTest/csghub/frontend/node_modules/@vitest/runner/dist/index.js:1262:5)\n    at startTests (file:///Users/jasonjiang/Downloads/AutoTest/csghub/frontend/node_modules/@vitest/runner/dist/index.js:1271:3)\n    at file:///Users/jasonjiang/Downloads/AutoTest/csghub/frontend/node_modules/vitest/dist/chunks/runBaseTests.3qpJUEJM.js:126:11"],"location":{"line":641,"column":5},"meta":{}},{"ancestorTitles":["FinetuneDetail.vue","集成测试"],"fullName":"FinetuneDetail.vue 集成测试 完整的tab切换流程","status":"failed","title":"完整的tab切换流程","duration":56.561821999999665,"failureMessages":["AssertionError: expected \"spy\" to be called at least once\n    at Proxy.<anonymous> (file:///Users/jasonjiang/Downloads/AutoTest/csghub/frontend/node_modules/@vitest/expect/dist/index.js:1448:13)\n    at Proxy.<anonymous> (file:///Users/jasonjiang/Downloads/AutoTest/csghub/frontend/node_modules/@vitest/expect/dist/index.js:972:17)\n    at Proxy.methodWrapper (file:///Users/jasonjiang/Downloads/AutoTest/csghub/frontend/node_modules/chai/chai.js:1618:25)\n    at /Users/jasonjiang/Downloads/AutoTest/csghub/frontend/src/components/finetune/__tests__/FinetuneDetail.spec.js:663:27\n    at file:///Users/jasonjiang/Downloads/AutoTest/csghub/frontend/node_modules/@vitest/runner/dist/index.js:533:5\n    at runTest (file:///Users/jasonjiang/Downloads/AutoTest/csghub/frontend/node_modules/@vitest/runner/dist/index.js:1056:11)\n    at runSuite (file:///Users/jasonjiang/Downloads/AutoTest/csghub/frontend/node_modules/@vitest/runner/dist/index.js:1205:15)\n    at runSuite (file:///Users/jasonjiang/Downloads/AutoTest/csghub/frontend/node_modules/@vitest/runner/dist/index.js:1205:15)\n    at runSuite (file:///Users/jasonjiang/Downloads/AutoTest/csghub/frontend/node_modules/@vitest/runner/dist/index.js:1205:15)\n    at runFiles (file:///Users/jasonjiang/Downloads/AutoTest/csghub/frontend/node_modules/@vitest/runner/dist/index.js:1262:5)"],"location":{"line":654,"column":5},"meta":{}},{"ancestorTitles":["FinetuneDetail.vue","集成测试"],"fullName":"FinetuneDetail.vue 集成测试 数据加载和SSE连接的完整流程","status":"passed","title":"数据加载和SSE连接的完整流程","duration":38.060317999999825,"failureMessages":[],"location":{"line":672,"column":5},"meta":{}}],"startTime":1770341924040,"endTime":1770341925951.0603,"status":"failed","message":"","name":"/Users/jasonjiang/Downloads/AutoTest/csghub/frontend/src/components/finetune/__tests__/FinetuneDetail.spec.js"}]}